<?xml version="1.0" encoding="UTF-8"?>
<test-data-config>
    <class name="js.unit.RandomDataUnitTest$Person">
        <field name="name" length="20"/>
        <field name="surname" length="20"/>
        <field name="webPage" length="128"/>
        <field name="landline" length="18" type="jslib.dbg.RandomPhone"/>
        <field name="mobile" length="18" type="jslib.dbg.RandomPhone"/>
        <field name="birthday"/>
        <field name="state"/>
    </class>
</test-data-config>